<?xml version="1.0" encoding="UTF-8"?>
<!-- Generated by org.testng.reporters.JUnitXMLReporter -->
<testsuite hostname="DESKTOP-9DH2IHA" failures="0" tests="4" name="Test" time="74.269" errors="0" timestamp="13 Oct 2020 14:22:29 GMT">
  <testcase classname="Academy.validateNavigationBar" name="basePageNavigation" time="0.277"/>
  <testcase classname="Academy.HomePage" name="basePageNavigation" time="18.134"/>
  <testcase classname="Academy.HomePage" name="basePageNavigation" time="5.066"/>
  <testcase classname="Academy.validateTitle" name="basePageNavigation" time="0.061"/>
</testsuite> <!-- Test -->
