<?xml version="1.0" encoding="UTF-8"?>
<!-- Generated by org.testng.reporters.JUnitXMLReporter -->
<testsuite hostname="DESKTOP-9DH2IHA" failures="0" tests="4" name="Test" time="40.452" errors="0" timestamp="9 Oct 2020 19:47:45 GMT">
  <testcase classname="Academy.validateNavigationBar" name="basePageNavigation" time="0.315"/>
  <testcase classname="Academy.HomePage" name="basePageNavigation" time="12.361"/>
  <testcase classname="Academy.HomePage" name="basePageNavigation" time="3.621"/>
  <testcase classname="Academy.validateTitle" name="basePageNavigation" time="0.042"/>
</testsuite> <!-- Test -->
