<?xml version="1.0" encoding="UTF-8"?>
<testsuite xmlns:xsi="http://www.w3.org/2001/XMLSchema-instance" xsi:noNamespaceSchemaLocation="https://maven.apache.org/surefire/maven-surefire-plugin/xsd/surefire-test-report-3.0.xsd" version="3.0" name="TestSuite" time="33.984" tests="4" errors="0" skipped="0" failures="2">
  <properties>
[...]
</properties>
  <testcase name="validateAppNavBar" classname="Academy.validateNavigationBar" time="0.083">
    <system-out><![CDATA[chromeheadless
chromeheadless
chromeheadless
Trying to identify navigation bar
]]></system-out>
    <system-err><![CDATA[Starting ChromeDriver 86.0.4240.22 (398b0743353ff36fb1b82468f63a3a93b4e2e89e-refs/branch-heads/4240@{#378}) on port 47147
Only local connections are allowed.
Please see https://chromedriver.chromium.org/security-considerations for suggestions on keeping ChromeDriver safe.
Starting ChromeDriver 86.0.4240.22 (398b0743353ff36fb1b82468f63a3Cah9r3obm4eeD2rSeitv8ae9rre t-wraseif ssnt/gabrr taCnehcdrh -oshmueeacdDcsre/is4vs2f4eu0r@l {l8#y6.3.708
.}4)2 4o0n.2 2p o(r3t9 81b808784133
53Ofnfl3y6f bl1obc8a2l c4o6nn8ef6c3tai3oan9s3 bar4ee 2ael8low9eed-.re
fPsl/ebarsaen cshe-e hhetatdpss://4/2c4h0r@o{m#e3d7r8i}v)e ro.nc hrpoormtiu m3.5o1r2g/0s
eOcunlryi tlyo-ccaoln sconnecitdieornats ioarne sa flloor wsedu.gg
esPltieaosnes  osne e kehteptipns:g /C/hchrroommeeDrdirivvere r.sachfreo.m
ium.org/security-considerations forC hsruogmegDersivtiero nswa so n sktaeerptiedn g suChcrcoesmesDfruillvyer. 
safe.
ChromeDriver was started successfully.
Oct 16, 2020 3:23:01 PM org.openqa.selenium.remote.ProtocolHandshake createSession
INFO: Detected dialect: W3C
Oct 16, 2020 3:23:01 PM org.openqa.selenium.remote.ProtocolHandshake createSession
INFO: Detected dialect: W3C
Oct 16, 2020 3:23:01 PM org.openqa.selenium.remote.ProtocolHandshake createSession
INFO: Detected dialect: W3C
]]></system-err>
  </testcase>
  <testcase name="validateAppTitle" classname="Academy.validateTitle" time="0.043">
    <failure message="expected [FEATURED COU123RSES] but found [FEATURED COURSES]" type="java.lang.AssertionError"><![CDATA[java.lang.AssertionError: expected [FEATURED COU123RSES] but found [FEATURED COURSES]
	at Academy.validateTitle.validateAppTitle(validateTitle.java:34)
]]></failure>
  </testcase>
  <testcase name="basePageNavigation[nonrestricteduser@qw.com, 123456, Restricted User](1)" classname="Academy.HomePage" time="0.367">
    <failure message="element click intercepted: Element &lt;span&gt;...&lt;/span&gt; is not clickable at point (769, 16). Other element would receive the click: &lt;div class=&quot;listbuilder-popup-content&quot;&gt;...&lt;/div&gt;&#10;  (Session info: headless chrome=86.0.4240.75)&#10;Build info: version: &apos;3.141.59&apos;, revision: &apos;e82be7d358&apos;, time: &apos;2018-11-14T08:17:03&apos;&#10;System info: host: &apos;DESKTOP-9DH2IHA&apos;, ip: &apos;192.168.56.1&apos;, os.name: &apos;Windows 10&apos;, os.arch: &apos;amd64&apos;, os.version: &apos;10.0&apos;, java.version: &apos;14.0.1&apos;&#10;Driver info: org.openqa.selenium.chrome.ChromeDriver&#10;Capabilities {acceptInsecureCerts: false, browserName: chrome, browserVersion: 86.0.4240.75, chrome: {chromedriverVersion: 86.0.4240.22 (398b0743353ff..., userDataDir: C:\Users\Philippe\AppData\L...}, goog:chromeOptions: {debuggerAddress: localhost:53592}, javascriptEnabled: true, networkConnectionEnabled: false, pageLoadStrategy: normal, platform: WINDOWS, platformName: WINDOWS, proxy: Proxy(), setWindowRect: true, strictFileInteractability: false, timeouts: {implicit: 0, pageLoad: 300000, script: 30000}, unhandledPromptBehavior: dismiss and notify, webauthn:virtualAuthenticators: true}&#10;Session ID: 174b4ec21fbc6506610aa2e4d2f94d3f" type="org.openqa.selenium.ElementClickInterceptedException"><![CDATA[org.openqa.selenium.ElementClickInterceptedException: 
element click intercepted: Element <span>...</span> is not clickable at point (769, 16). Other element would receive the click: <div class="listbuilder-popup-content">...</div>
  (Session info: headless chrome=86.0.4240.75)
Build info: version: '3.141.59', revision: 'e82be7d358', time: '2018-11-14T08:17:03'
System info: host: 'DESKTOP-9DH2IHA', ip: '192.168.56.1', os.name: 'Windows 10', os.arch: 'amd64', os.version: '10.0', java.version: '14.0.1'
Driver info: org.openqa.selenium.chrome.ChromeDriver
Capabilities {acceptInsecureCerts: false, browserName: chrome, browserVersion: 86.0.4240.75, chrome: {chromedriverVersion: 86.0.4240.22 (398b0743353ff..., userDataDir: C:\Users\Philippe\AppData\L...}, goog:chromeOptions: {debuggerAddress: localhost:53592}, javascriptEnabled: true, networkConnectionEnabled: false, pageLoadStrategy: normal, platform: WINDOWS, platformName: WINDOWS, proxy: Proxy(), setWindowRect: true, strictFileInteractability: false, timeouts: {implicit: 0, pageLoad: 300000, script: 30000}, unhandledPromptBehavior: dismiss and notify, webauthn:virtualAuthenticators: true}
Session ID: 174b4ec21fbc6506610aa2e4d2f94d3f
	at Academy.HomePage.basePageNavigation(HomePage.java:49)
]]></failure>
  </testcase>
  <testcase name="basePageNavigation[restricteduser@qw.com, 456788, Non restricted user](2)" classname="Academy.HomePage" time="6.476"/>
</testsuite>